2022-01-21_03-51-14.004 Warning: qrc:/Alarm.qml:68:5: QML Connections: Implicitly defined onFoo properties in Connections are deprecated. Use this syntax instead: function onFoo(<arguments>) { ... }
2022-01-21_03-51-14.018 Warning: qrc:/AlarmImage.qml:120:9: QML Connections: Implicitly defined onFoo properties in Connections are deprecated. Use this syntax instead: function onFoo(<arguments>) { ... }
2022-01-21_03-51-14.018 Warning: qrc:/main.qml:226:5: QML Connections: Implicitly defined onFoo properties in Connections are deprecated. Use this syntax instead: function onFoo(<arguments>) { ... }
2022-01-21_03-51-14.018 Warning: qrc:/main.qml:218:5: QML Connections: Implicitly defined onFoo properties in Connections are deprecated. Use this syntax instead: function onFoo(<arguments>) { ... }
2022-01-21_03-51-14.018 Warning: qrc:/main.qml:207:5: QML Connections: Implicitly defined onFoo properties in Connections are deprecated. Use this syntax instead: function onFoo(<arguments>) { ... }
2022-01-21_03-51-14.018 Warning: qrc:/main.qml:170:5: QML Connections: Implicitly defined onFoo properties in Connections are deprecated. Use this syntax instead: function onFoo(<arguments>) { ... }
2022-01-21_03-51-14.021 Warning: fromIccProfile: failed minimal tag size sanity
2022-01-21_03-51-14.025 Warning: qrc:/main.qml:16:5: QML Connections: Implicitly defined onFoo properties in Connections are deprecated. Use this syntax instead: function onFoo(<arguments>) { ... }
2022-01-21_03-51-19.538 Warning: fromIccProfile: failed minimal tag size sanity
2022-01-21_03-51-20.371 Debug: time for alarm set to "3" : "0"
2022-01-21_03-51-20.371 Debug: Alarm switch checked
2022-01-21_03-51-25.557 Warning: fromIccProfile: failed minimal tag size sanity
2022-01-21_03-51-29.795 Debug: setOrangeLed true
2022-01-21_03-51-30.145 Debug: setRedLed true
2022-01-21_03-51-31.541 Warning: fromIccProfile: failed minimal tag size sanity
2022-01-21_03-51-33.014 Debug: setGreenLed true
2022-01-21_03-51-33.743 Debug: setOrangeLed false
2022-01-21_03-51-37.522 Warning: fromIccProfile: failed minimal tag size sanity
2022-01-21_03-51-37.703 Debug: time for alarm set to "3" : "52"
2022-01-21_03-51-37.703 Debug: Alarm switch checked
2022-01-21_03-51-43.539 Warning: fromIccProfile: failed minimal tag size sanity
2022-01-21_03-51-49.521 Warning: fromIccProfile: failed minimal tag size sanity
2022-01-21_03-51-55.527 Warning: fromIccProfile: failed minimal tag size sanity
2022-01-21_03-52-00.084 Debug: alarm triggered
2022-01-21_03-52-00.085 Debug: setAlarm true
2022-01-21_03-52-01.540 Warning: fromIccProfile: failed minimal tag size sanity
2022-01-21_03-52-02.088 Debug: setGreenLed true
2022-01-21_03-52-02.088 Debug: setRedLed true
2022-01-21_03-52-03.082 Debug: setGreenLed false
2022-01-21_03-52-03.082 Debug: setRedLed false
2022-01-21_03-52-04.081 Debug: setGreenLed true
2022-01-21_03-52-04.081 Debug: setRedLed true
2022-01-21_03-52-05.079 Debug: setGreenLed false
2022-01-21_03-52-05.079 Debug: setRedLed false
2022-01-21_03-52-06.081 Debug: setGreenLed true
2022-01-21_03-52-06.081 Debug: setRedLed true
2022-01-21_03-52-07.079 Debug: setGreenLed false
2022-01-21_03-52-07.079 Debug: setRedLed false
2022-01-21_03-52-07.573 Warning: fromIccProfile: failed minimal tag size sanity
2022-01-21_03-52-08.080 Debug: setGreenLed true
2022-01-21_03-52-08.080 Debug: setRedLed true
2022-01-21_03-52-09.088 Debug: setGreenLed false
2022-01-21_03-52-09.088 Debug: setRedLed false
2022-01-21_03-52-09.891 Debug: setAlarm false
2022-01-21_03-52-09.891 Debug: setGreenLed true
2022-01-21_03-52-09.891 Debug: setRedLed true
2022-01-21_03-52-09.891 Debug: setOrangeLed false
2022-01-21_03-52-09.891 Debug: Alarm stopped with MouseArea
